\BOOKMARK [1][-]{section.1}{Introduction}{}% 1
\BOOKMARK [1][-]{section.2}{Project Objectives}{}% 2
\BOOKMARK [1][-]{section.3}{Functional Requirements}{}% 3
\BOOKMARK [2][-]{subsection.3.1}{PersonService}{section.3}% 4
\BOOKMARK [3][-]{subsubsection.3.1.1}{Scope}{subsection.3.1}% 5
\BOOKMARK [3][-]{subsubsection.3.1.2}{Domain Model}{subsection.3.1}% 6
\BOOKMARK [3][-]{subsubsection.3.1.3}{Use Cases}{subsection.3.1}% 7
\BOOKMARK [2][-]{subsection.3.2}{CameraService}{section.3}% 8
\BOOKMARK [3][-]{subsubsection.3.2.1}{Scope}{subsection.3.2}% 9
\BOOKMARK [3][-]{subsubsection.3.2.2}{Domain Model}{subsection.3.2}% 10
\BOOKMARK [3][-]{subsubsection.3.2.3}{Use Cases}{subsection.3.2}% 11
\BOOKMARK [2][-]{subsection.3.3}{PinService}{section.3}% 12
\BOOKMARK [3][-]{subsubsection.3.3.1}{Scope}{subsection.3.3}% 13
\BOOKMARK [3][-]{subsubsection.3.3.2}{Domain Model}{subsection.3.3}% 14
\BOOKMARK [3][-]{subsubsection.3.3.3}{Use Cases}{subsection.3.3}% 15
\BOOKMARK [2][-]{subsection.3.4}{LockService}{section.3}% 16
\BOOKMARK [3][-]{subsubsection.3.4.1}{Scope}{subsection.3.4}% 17
\BOOKMARK [3][-]{subsubsection.3.4.2}{Domain Model}{subsection.3.4}% 18
\BOOKMARK [3][-]{subsubsection.3.4.3}{Use Cases}{subsection.3.4}% 19
\BOOKMARK [2][-]{subsection.3.5}{NotificationService}{section.3}% 20
\BOOKMARK [3][-]{subsubsection.3.5.1}{Scope}{subsection.3.5}% 21
\BOOKMARK [3][-]{subsubsection.3.5.2}{Domain Model}{subsection.3.5}% 22
\BOOKMARK [3][-]{subsubsection.3.5.3}{Use Cases}{subsection.3.5}% 23
