\BOOKMARK [1][-]{section.1}{Introduction}{}% 1
\BOOKMARK [1][-]{section.2}{Project Objectives}{}% 2
\BOOKMARK [1][-]{section.3}{Functional Requirements}{}% 3
\BOOKMARK [2][-]{subsection.3.1}{Users}{section.3}% 4
\BOOKMARK [3][-]{subsubsection.3.1.1}{Scope}{subsection.3.1}% 5
\BOOKMARK [3][-]{subsubsection.3.1.2}{Domain Model}{subsection.3.1}% 6
\BOOKMARK [3][-]{subsubsection.3.1.3}{Use Cases}{subsection.3.1}% 7
\BOOKMARK [2][-]{subsection.3.2}{Controller}{section.3}% 8
\BOOKMARK [3][-]{subsubsection.3.2.1}{Scope}{subsection.3.2}% 9
\BOOKMARK [3][-]{subsubsection.3.2.2}{Domain Model}{subsection.3.2}% 10
\BOOKMARK [3][-]{subsubsection.3.2.3}{Use Cases}{subsection.3.2}% 11
\BOOKMARK [2][-]{subsection.3.3}{Notifications}{section.3}% 12
\BOOKMARK [3][-]{subsubsection.3.3.1}{Scope}{subsection.3.3}% 13
\BOOKMARK [3][-]{subsubsection.3.3.2}{Domain Model}{subsection.3.3}% 14
\BOOKMARK [3][-]{subsubsection.3.3.3}{Use Cases}{subsection.3.3}% 15
\BOOKMARK [1][-]{section.4}{Architectural Requirements/Design Specification}{}% 16
\BOOKMARK [2][-]{subsection.4.1}{Software architecture overview}{section.4}% 17
\BOOKMARK [3][-]{subsubsection.4.1.1}{clientLayer}{subsection.4.1}% 18
\BOOKMARK [3][-]{subsubsection.4.1.2}{accessLayer}{subsection.4.1}% 19
\BOOKMARK [3][-]{subsubsection.4.1.3}{businessProcessesLayer}{subsection.4.1}% 20
\BOOKMARK [3][-]{subsubsection.4.1.4}{persistenceAccessLayer}{subsection.4.1}% 21
\BOOKMARK [3][-]{subsubsection.4.1.5}{persistenceLayer}{subsection.4.1}% 22
\BOOKMARK [2][-]{subsection.4.2}{Access Channel Requirements}{section.4}% 23
\BOOKMARK [2][-]{subsection.4.3}{Architectural Scope}{section.4}% 24
\BOOKMARK [2][-]{subsection.4.4}{Quality Requirements}{section.4}% 25
\BOOKMARK [3][-]{subsubsection.4.4.1}{Performance}{subsection.4.4}% 26
\BOOKMARK [3][-]{subsubsection.4.4.2}{Security}{subsection.4.4}% 27
\BOOKMARK [3][-]{subsubsection.4.4.3}{Reliability}{subsection.4.4}% 28
\BOOKMARK [3][-]{subsubsection.4.4.4}{Flexibility}{subsection.4.4}% 29
\BOOKMARK [3][-]{subsubsection.4.4.5}{Maintainability}{subsection.4.4}% 30
\BOOKMARK [3][-]{subsubsection.4.4.6}{Monitorability}{subsection.4.4}% 31
\BOOKMARK [3][-]{subsubsection.4.4.7}{Usability}{subsection.4.4}% 32
\BOOKMARK [3][-]{subsubsection.4.4.8}{Cost}{subsection.4.4}% 33
