This is pdfTeX, Version 3.14159265-2.6-1.40.16 (MiKTeX 2.9 64-bit) (preloaded format=pdflatex 2016.4.22)  23 OCT 2016 23:03
entering extended mode
**./UserManual.tex
(UserManual.tex
LaTeX2e <2015/10/01> patch level 2
Babel <3.9n> and hyphenation patterns for 69 languages loaded.
("C:\Users\Rayban\AppData\Local\Programs\MiKTeX 2.9\tex\latex\base\article.cls"
Document Class: article 2014/09/29 v1.4h Standard LaTeX document class
("C:\Users\Rayban\AppData\Local\Programs\MiKTeX 2.9\tex\latex\base\size12.clo"
File: size12.clo 2014/09/29 v1.4h Standard LaTeX file (size option)
)
\c@part=\count79
\c@section=\count80
\c@subsection=\count81
\c@subsubsection=\count82
\c@paragraph=\count83
\c@subparagraph=\count84
\c@figure=\count85
\c@table=\count86
\abovecaptionskip=\skip41
\belowcaptionskip=\skip42
\bibindent=\dimen102
)
\@indexfile=\write3
\openout3 = `UserManual.idx'.


Writing index file UserManual.idx

("C:\Users\Rayban\AppData\Local\Programs\MiKTeX 2.9\tex\latex\graphics\graphicx
.sty"
Package: graphicx 2014/10/28 v1.0g Enhanced LaTeX Graphics (DPC,SPQR)

("C:\Users\Rayban\AppData\Local\Programs\MiKTeX 2.9\tex\latex\graphics\keyval.s
ty"
Package: keyval 2014/10/28 v1.15 key=value parser (DPC)
\KV@toks@=\toks14
)
("C:\Users\Rayban\AppData\Local\Programs\MiKTeX 2.9\tex\latex\graphics\graphics
.sty"
Package: graphics 2014/10/28 v1.0p Standard LaTeX Graphics (DPC,SPQR)

("C:\Users\Rayban\AppData\Local\Programs\MiKTeX 2.9\tex\latex\graphics\trig.sty
"
Package: trig 1999/03/16 v1.09 sin cos tan (DPC)
)
("C:\Users\Rayban\AppData\Local\Programs\MiKTeX 2.9\tex\latex\00miktex\graphics
.cfg"
File: graphics.cfg 2007/01/18 v1.5 graphics configuration of teTeX/TeXLive
)
Package graphics Info: Driver file: pdftex.def on input line 94.

("C:\Users\Rayban\AppData\Local\Programs\MiKTeX 2.9\tex\latex\pdftex-def\pdftex
.def"
File: pdftex.def 2011/05/27 v0.06d Graphics/color for pdfTeX

("C:\Users\Rayban\AppData\Local\Programs\MiKTeX 2.9\tex\generic\oberdiek\infwar
err.sty"
Package: infwarerr 2010/04/08 v1.3 Providing info/warning/error messages (HO)
)
("C:\Users\Rayban\AppData\Local\Programs\MiKTeX 2.9\tex\generic\oberdiek\ltxcmd
s.sty"
Package: ltxcmds 2011/11/09 v1.22 LaTeX kernel commands for general use (HO)
)
\Gread@gobject=\count87
))
\Gin@req@height=\dimen103
\Gin@req@width=\dimen104
)
("C:\Users\Rayban\AppData\Local\Programs\MiKTeX 2.9\tex\latex\base\makeidx.sty"
Package: makeidx 2014/09/29 v1.0m Standard LaTeX package
) ("C:\Users\Rayban\AppData\Local\Programs\MiKTeX 2.9\tex\latex\float\float.sty
"
Package: float 2001/11/08 v1.3d Float enhancements (AL)
\c@float@type=\count88
\float@exts=\toks15
\float@box=\box26
\@float@everytoks=\toks16
\@floatcapt=\box27
)
("C:\Users\Rayban\AppData\Local\Programs\MiKTeX 2.9\tex\latex\hyperref\hyperref
.sty"
Package: hyperref 2012/11/06 v6.83m Hypertext links for LaTeX

("C:\Users\Rayban\AppData\Local\Programs\MiKTeX 2.9\tex\generic\oberdiek\hobsub
-hyperref.sty"
Package: hobsub-hyperref 2012/04/25 v1.12 Bundle oberdiek, subset hyperref (HO)


("C:\Users\Rayban\AppData\Local\Programs\MiKTeX 2.9\tex\generic\oberdiek\hobsub
-generic.sty"
Package: hobsub-generic 2012/04/25 v1.12 Bundle oberdiek, subset generic (HO)
Package: hobsub 2012/04/25 v1.12 Construct package bundles (HO)
Package hobsub Info: Skipping package `infwarerr' (already loaded).
Package hobsub Info: Skipping package `ltxcmds' (already loaded).
Package: ifluatex 2010/03/01 v1.3 Provides the ifluatex switch (HO)
Package ifluatex Info: LuaTeX not detected.
Package: ifvtex 2010/03/01 v1.5 Detect VTeX and its facilities (HO)
Package ifvtex Info: VTeX not detected.
Package: intcalc 2007/09/27 v1.1 Expandable calculations with integers (HO)
Package: ifpdf 2011/01/30 v2.3 Provides the ifpdf switch (HO)
Package ifpdf Info: pdfTeX in PDF mode is detected.
Package: etexcmds 2011/02/16 v1.5 Avoid name clashes with e-TeX commands (HO)
Package etexcmds Info: Could not find \expanded.
(etexcmds)             That can mean that you are not using pdfTeX 1.50 or
(etexcmds)             that some package has redefined \expanded.
(etexcmds)             In the latter case, load this package earlier.
Package: kvsetkeys 2012/04/25 v1.16 Key value parser (HO)
Package: kvdefinekeys 2011/04/07 v1.3 Define keys (HO)
Package: pdftexcmds 2011/11/29 v0.20 Utility functions of pdfTeX for LuaTeX (HO
)
Package pdftexcmds Info: LuaTeX not detected.
Package pdftexcmds Info: \pdf@primitive is available.
Package pdftexcmds Info: \pdf@ifprimitive is available.
Package pdftexcmds Info: \pdfdraftmode found.
Package: pdfescape 2011/11/25 v1.13 Implements pdfTeX's escape features (HO)
Package: bigintcalc 2012/04/08 v1.3 Expandable calculations on big integers (HO
)
Package: bitset 2011/01/30 v1.1 Handle bit-vector datatype (HO)
Package: uniquecounter 2011/01/30 v1.2 Provide unlimited unique counter (HO)
)
Package hobsub Info: Skipping package `hobsub' (already loaded).
Package: letltxmacro 2010/09/02 v1.4 Let assignment for LaTeX macros (HO)
Package: hopatch 2011/06/24 v1.1 Wrapper for package hooks (HO)
Package: xcolor-patch 2011/01/30 xcolor patch
Package: atveryend 2011/06/30 v1.8 Hooks at the very end of document (HO)
Package atveryend Info: \enddocument detected (standard20110627).
Package: atbegshi 2011/10/05 v1.16 At begin shipout hook (HO)
Package: refcount 2011/10/16 v3.4 Data extraction from label references (HO)
Package: hycolor 2011/01/30 v1.7 Color options for hyperref/bookmark (HO)
)
("C:\Users\Rayban\AppData\Local\Programs\MiKTeX 2.9\tex\generic\ifxetex\ifxetex
.sty"
Package: ifxetex 2010/09/12 v0.6 Provides ifxetex conditional
)
("C:\Users\Rayban\AppData\Local\Programs\MiKTeX 2.9\tex\latex\oberdiek\auxhook.
sty"
Package: auxhook 2011/03/04 v1.3 Hooks for auxiliary files (HO)
)
("C:\Users\Rayban\AppData\Local\Programs\MiKTeX 2.9\tex\latex\oberdiek\kvoption
s.sty"
Package: kvoptions 2011/06/30 v3.11 Key value format for package options (HO)
)
\@linkdim=\dimen105
\Hy@linkcounter=\count89
\Hy@pagecounter=\count90

("C:\Users\Rayban\AppData\Local\Programs\MiKTeX 2.9\tex\latex\hyperref\pd1enc.d
ef"
File: pd1enc.def 2012/11/06 v6.83m Hyperref: PDFDocEncoding definition (HO)
)
\Hy@SavedSpaceFactor=\count91

("C:\Users\Rayban\AppData\Local\Programs\MiKTeX 2.9\tex\latex\00miktex\hyperref
.cfg"
File: hyperref.cfg 2002/06/06 v1.2 hyperref configuration of TeXLive
)
Package hyperref Info: Hyper figures OFF on input line 4443.
Package hyperref Info: Link nesting OFF on input line 4448.
Package hyperref Info: Hyper index ON on input line 4451.
Package hyperref Info: Plain pages OFF on input line 4458.
Package hyperref Info: Backreferencing OFF on input line 4463.
Package hyperref Info: Implicit mode ON; LaTeX internals redefined.
Package hyperref Info: Bookmarks ON on input line 4688.
\c@Hy@tempcnt=\count92
 ("C:\Users\Rayban\AppData\Local\Programs\MiKTeX 2.9\tex\latex\url\url.sty"
\Urlmuskip=\muskip10
Package: url 2013/09/16  ver 3.4  Verb mode for urls, etc.
)
LaTeX Info: Redefining \url on input line 5041.
\XeTeXLinkMargin=\dimen106
\Fld@menulength=\count93
\Field@Width=\dimen107
\Fld@charsize=\dimen108
Package hyperref Info: Hyper figures OFF on input line 6295.
Package hyperref Info: Link nesting OFF on input line 6300.
Package hyperref Info: Hyper index ON on input line 6303.
Package hyperref Info: backreferencing OFF on input line 6310.
Package hyperref Info: Link coloring OFF on input line 6315.
Package hyperref Info: Link coloring with OCG OFF on input line 6320.
Package hyperref Info: PDF/A mode OFF on input line 6325.
LaTeX Info: Redefining \ref on input line 6365.
LaTeX Info: Redefining \pageref on input line 6369.
\Hy@abspage=\count94
\c@Item=\count95
\c@Hfootnote=\count96
)

Package hyperref Message: Driver (autodetected): hpdftex.


("C:\Users\Rayban\AppData\Local\Programs\MiKTeX 2.9\tex\latex\hyperref\hpdftex.
def"
File: hpdftex.def 2012/11/06 v6.83m Hyperref driver for pdfTeX
\Fld@listcount=\count97
\c@bookmark@seq@number=\count98

("C:\Users\Rayban\AppData\Local\Programs\MiKTeX 2.9\tex\latex\oberdiek\rerunfil
echeck.sty"
Package: rerunfilecheck 2011/04/15 v1.7 Rerun checks for auxiliary files (HO)
Package uniquecounter Info: New unique counter `rerunfilecheck' on input line 2
82.
)
\Hy@SectionHShift=\skip43
)
Package hyperref Info: Option `colorlinks' set `true' on input line 18.
 (UserManual.aux)
\openout1 = `UserManual.aux'.

LaTeX Font Info:    Checking defaults for OML/cmm/m/it on input line 25.
LaTeX Font Info:    ... okay on input line 25.
LaTeX Font Info:    Checking defaults for T1/cmr/m/n on input line 25.
LaTeX Font Info:    ... okay on input line 25.
LaTeX Font Info:    Checking defaults for OT1/cmr/m/n on input line 25.
LaTeX Font Info:    ... okay on input line 25.
LaTeX Font Info:    Checking defaults for OMS/cmsy/m/n on input line 25.
LaTeX Font Info:    ... okay on input line 25.
LaTeX Font Info:    Checking defaults for OMX/cmex/m/n on input line 25.
LaTeX Font Info:    ... okay on input line 25.
LaTeX Font Info:    Checking defaults for U/cmr/m/n on input line 25.
LaTeX Font Info:    ... okay on input line 25.
LaTeX Font Info:    Checking defaults for PD1/pdf/m/n on input line 25.
LaTeX Font Info:    ... okay on input line 25.

("C:\Users\Rayban\AppData\Local\Programs\MiKTeX 2.9\tex\context\base\supp-pdf.m
kii"
[Loading MPS to PDF converter (version 2006.09.02).]
\scratchcounter=\count99
\scratchdimen=\dimen109
\scratchbox=\box28
\nofMPsegments=\count100
\nofMParguments=\count101
\everyMPshowfont=\toks17
\MPscratchCnt=\count102
\MPscratchDim=\dimen110
\MPnumerator=\count103
\makeMPintoPDFobject=\count104
\everyMPtoPDFconversion=\toks18
)
\AtBeginShipoutBox=\box29

("C:\Users\Rayban\AppData\Local\Programs\MiKTeX 2.9\tex\latex\graphics\color.st
y"
Package: color 2014/10/28 v1.1a Standard LaTeX Color (DPC)

("C:\Users\Rayban\AppData\Local\Programs\MiKTeX 2.9\tex\latex\00miktex\color.cf
g"
File: color.cfg 2007/01/18 v1.5 color configuration of teTeX/TeXLive
)
Package color Info: Driver file: pdftex.def on input line 142.
)
Package hyperref Info: Link coloring ON on input line 25.

("C:\Users\Rayban\AppData\Local\Programs\MiKTeX 2.9\tex\latex\hyperref\nameref.
sty"
Package: nameref 2012/10/27 v2.43 Cross-referencing by name of section

("C:\Users\Rayban\AppData\Local\Programs\MiKTeX 2.9\tex\generic\oberdiek\gettit
lestring.sty"
Package: gettitlestring 2010/12/03 v1.4 Cleanup title references (HO)
)
\c@section@level=\count105
)
LaTeX Info: Redefining \ref on input line 25.
LaTeX Info: Redefining \pageref on input line 25.
LaTeX Info: Redefining \nameref on input line 25.
 (UserManual.out) (UserManual.out)
\@outlinefile=\write4
\openout4 = `UserManual.out'.


<./Pictures/up_logo.png, id=95, 376.40625pt x 112.92188pt>
File: ./Pictures/up_logo.png Graphic file (type png)

<use ./Pictures/up_logo.png>
Package pdftex.def Info: ./Pictures/up_logo.png used on input line 31.
(pdftex.def)             Requested size: 446.9055pt x 134.0823pt.

Overfull \hbox (3.0945pt too wide) in paragraph at lines 34--34
 []| 
 []


Overfull \hbox (3.0945pt too wide) in paragraph at lines 36--36
 []| 
 []

[1

{C:/Users/Rayban/AppData/Local/MiKTeX/2.9/pdftex/config/pdftex.map} <./Pictures
/up_logo.png>] (UserManual.toc
LaTeX Font Info:    External font `cmex10' loaded for size
(Font)              <12> on input line 3.
LaTeX Font Info:    External font `cmex10' loaded for size
(Font)              <8> on input line 3.
LaTeX Font Info:    External font `cmex10' loaded for size
(Font)              <6> on input line 3.
)
\tf@toc=\write5
\openout5 = `UserManual.toc'.

pdfTeX warning (ext4): destination with the same identifier (name{page.1}) has 
been already used, duplicate ignored
<to be read again> 
                   \relax 
l.57 	\newpage
               [1] <./Pictures/CodeBlox.jpg, id=131, 963.6pt x 542.025pt>
File: ./Pictures/CodeBlox.jpg Graphic file (type jpg)

<use ./Pictures/CodeBlox.jpg>
Package pdftex.def Info: ./Pictures/CodeBlox.jpg used on input line 66.
(pdftex.def)             Requested size: 446.9055pt x 251.37737pt.

Underfull \hbox (badness 10000) in paragraph at lines 66--67

 []

[2 <./Pictures/CodeBlox.jpg>]
Overfull \hbox (64.79736pt too wide) in paragraph at lines 90--95
\OT1/cmr/bx/n/12 https://github.com/billibongers/CodeBlox---Main-Project/blob/m
aster/Code/NodeJs 
 []


Underfull \hbox (badness 10000) in paragraph at lines 90--95

 []

<./Pictures/open2.jpeg, id=136, 722.7pt x 1284.8pt>
File: ./Pictures/open2.jpeg Graphic file (type jpg)

<use ./Pictures/open2.jpeg>
Package pdftex.def Info: ./Pictures/open2.jpeg used on input line 100.
(pdftex.def)             Requested size: 160.0421pt x 284.5193pt.

<./Pictures/open1.jpeg, id=137, 722.7pt x 1284.8pt>
File: ./Pictures/open1.jpeg Graphic file (type jpg)

<use ./Pictures/open1.jpeg>
Package pdftex.def Info: ./Pictures/open1.jpeg used on input line 101.
(pdftex.def)             Requested size: 160.0421pt x 284.5193pt.

Overfull \hbox (7.96394pt too wide) in paragraph at lines 97--102
\OT1/cmr/bx/n/12 https://play.google.com/store/apps/details?id=net.openvpn.open
vpn&hl=en 
 []


Underfull \hbox (badness 10000) in paragraph at lines 97--102

 []


Underfull \hbox (badness 10000) in paragraph at lines 97--102

 []


Underfull \hbox (badness 10000) in paragraph at lines 97--102

 []

[3]
Overfull \hbox (42.14954pt too wide) in paragraph at lines 105--109
\OT1/cmr/m/n/12 our An-droid git repo which is ded-i-cated to the mo-bile app h
ere: \OT1/cmr/bx/n/12 https://github.com/lspazzoli 
 []


Underfull \hbox (badness 10000) in paragraph at lines 105--109

 []

<./Pictures/install1.png, id=142, 481.8pt x 857.2025pt>
File: ./Pictures/install1.png Graphic file (type png)

<use ./Pictures/install1.png>
Package pdftex.def Info: ./Pictures/install1.png used on input line 110.
(pdftex.def)             Requested size: 159.92079pt x 284.52576pt.

<./Pictures/install2.png, id=143, 481.8pt x 857.2025pt>
File: ./Pictures/install2.png Graphic file (type png)

<use ./Pictures/install2.png>
Package pdftex.def Info: ./Pictures/install2.png used on input line 111.
(pdftex.def)             Requested size: 159.92079pt x 284.52576pt.

<./Pictures/install3.png, id=144, 481.8pt x 857.2025pt>
File: ./Pictures/install3.png Graphic file (type png)

<use ./Pictures/install3.png>
Package pdftex.def Info: ./Pictures/install3.png used on input line 112.
(pdftex.def)             Requested size: 159.92079pt x 284.52576pt.

Overfull \hbox (55.70386pt too wide) in paragraph at lines 110--114
[][] [] [] 
 []


Underfull \hbox (badness 10000) in paragraph at lines 110--114

 []


Underfull \hbox (badness 10000) in paragraph at lines 110--114

 []

[4 <./Pictures/open2.jpeg> <./Pictures/open1.jpeg>]
<./Pictures/appinfo.png, id=149, 481.8pt x 857.2025pt>
File: ./Pictures/appinfo.png Graphic file (type png)

<use ./Pictures/appinfo.png>
Package pdftex.def Info: ./Pictures/appinfo.png used on input line 116.
(pdftex.def)             Requested size: 159.92079pt x 284.52576pt.
 [5 <./Pictures/install1.png> <./Pictures/install2.png> <./Pictures/install3.pn
g>]
<./Pictures/register.png, id=154, 1028.34187pt x 578.16pt>
File: ./Pictures/register.png Graphic file (type png)

<use ./Pictures/register.png>
Package pdftex.def Info: ./Pictures/register.png used on input line 124.
(pdftex.def)             Requested size: 284.52876pt x 159.96931pt.

Underfull \hbox (badness 10000) in paragraph at lines 123--127

 []


Underfull \hbox (badness 10000) in paragraph at lines 123--127

 []

[6 <./Pictures/appinfo.png>]
<./Pictures/app0.jpeg, id=160, 722.7pt x 1284.8pt>
File: ./Pictures/app0.jpeg Graphic file (type jpg)
 <use ./Pictures/app0.jpeg>
Package pdftex.def Info: ./Pictures/app0.jpeg used on input line 130.
(pdftex.def)             Requested size: 160.0421pt x 284.5193pt.

<./Pictures/app01.jpeg, id=161, 722.7pt x 1284.8pt>
File: ./Pictures/app01.jpeg Graphic file (type jpg)

<use ./Pictures/app01.jpeg>
Package pdftex.def Info: ./Pictures/app01.jpeg used on input line 132.
(pdftex.def)             Requested size: 160.0421pt x 284.5193pt.
 <./Pictures/app1.jpeg, id=162, 722.7pt x 1284.8pt>
File: ./Pictures/app1.jpeg Graphic file (type jpg)

<use ./Pictures/app1.jpeg>
Package pdftex.def Info: ./Pictures/app1.jpeg used on input line 133.
(pdftex.def)             Requested size: 160.0421pt x 284.5193pt.
 <./Pictures/app2.jpeg, id=163, 722.7pt x 1284.8pt>
File: ./Pictures/app2.jpeg Graphic file (type jpg)

<use ./Pictures/app2.jpeg>
Package pdftex.def Info: ./Pictures/app2.jpeg used on input line 135.
(pdftex.def)             Requested size: 160.0421pt x 284.5193pt.
 <./Pictures/app3.jpeg, id=164, 722.7pt x 1284.8pt>
File: ./Pictures/app3.jpeg Graphic file (type jpg)

<use ./Pictures/app3.jpeg>
Package pdftex.def Info: ./Pictures/app3.jpeg used on input line 135.
(pdftex.def)             Requested size: 160.0421pt x 284.5193pt.

Underfull \hbox (badness 10000) in paragraph at lines 129--136

 []


Underfull \hbox (badness 10000) in paragraph at lines 129--136

 []


Underfull \hbox (badness 10000) in paragraph at lines 129--136

 []


Underfull \hbox (badness 10000) in paragraph at lines 129--136

 []


Underfull \hbox (badness 10000) in paragraph at lines 129--136

 []


Underfull \hbox (badness 10000) in paragraph at lines 129--136

 []

[7 <./Pictures/register.png> <./Pictures/app0.jpeg>] [8 <./Pictures/app01.jpeg>
 <./Pictures/app1.jpeg> <./Pictures/app2.jpeg> <./Pictures/app3.jpeg>]
Underfull \hbox (badness 10000) in paragraph at lines 144--146

 []

Package atveryend Info: Empty hook `BeforeClearDocument' on input line 150.
[9]
Package atveryend Info: Empty hook `AfterLastShipout' on input line 150.
 (UserManual.aux)
Package atveryend Info: Executing hook `AtVeryEndDocument' on input line 150.
Package atveryend Info: Executing hook `AtEndAfterFileList' on input line 150.
Package rerunfilecheck Info: File `UserManual.out' has not changed.
(rerunfilecheck)             Checksum: C9C6A679B1AEBED8325C2AEA0C015B48;1533.
Package atveryend Info: Empty hook `AtVeryVeryEnd' on input line 150.
 ) 
Here is how much of TeX's memory you used:
 5188 strings out of 493634
 78489 string characters out of 3134831
 160527 words of memory out of 3000000
 8503 multiletter control sequences out of 15000+200000
 10005 words of font info for 35 fonts, out of 3000000 for 9000
 1025 hyphenation exceptions out of 8191
 29i,5n,28p,326b,332s stack positions out of 5000i,500n,10000p,200000b,50000s
<C:/Users/Rayban/AppData/Local/Programs/MiKTeX 2.9/fonts/type1/public/amsfont
s/cm/cmbx12.pfb><C:/Users/Rayban/AppData/Local/Programs/MiKTeX 2.9/fonts/type1/
public/amsfonts/cm/cmcsc10.pfb><C:/Users/Rayban/AppData/Local/Programs/MiKTeX 2
.9/fonts/type1/public/amsfonts/cm/cmr12.pfb>
Output written on UserManual.pdf (10 pages, 818994 bytes).
PDF statistics:
 197 PDF objects out of 1000 (max. 8388607)
 34 named destinations out of 1000 (max. 500000)
 255 words of extra memory for PDF output out of 10000 (max. 10000000)

