\BOOKMARK [1][-]{section.1}{System Overview}{}% 1
\BOOKMARK [1][-]{section.2}{System Configuration}{}% 2
\BOOKMARK [2][-]{subsection.2.1}{Raspberry Pi 3}{section.2}% 3
\BOOKMARK [2][-]{subsection.2.2}{Pi Camera}{section.2}% 4
\BOOKMARK [2][-]{subsection.2.3}{Central Server}{section.2}% 5
\BOOKMARK [2][-]{subsection.2.4}{PC/Android devices}{section.2}% 6
\BOOKMARK [1][-]{section.3}{Installation}{}% 7
\BOOKMARK [2][-]{subsection.3.1}{Software}{section.3}% 8
\BOOKMARK [3][-]{subsubsection.3.1.1}{NodeJs}{subsection.3.1}% 9
\BOOKMARK [3][-]{subsubsection.3.1.2}{NPM\(Node package manager\)}{subsection.3.1}% 10
\BOOKMARK [3][-]{subsubsection.3.1.3}{Installing dependencies}{subsection.3.1}% 11
\BOOKMARK [3][-]{subsubsection.3.1.4}{Connecting to private network}{subsection.3.1}% 12
\BOOKMARK [3][-]{subsubsection.3.1.5}{Installing application on andorid device}{subsection.3.1}% 13
\BOOKMARK [3][-]{subsubsection.3.1.6}{Application Information}{subsection.3.1}% 14
\BOOKMARK [2][-]{subsection.3.2}{Hardware}{section.3}% 15
\BOOKMARK [1][-]{section.4}{Getting Started}{}% 16
\BOOKMARK [2][-]{subsection.4.1}{Creating Account}{section.4}% 17
\BOOKMARK [1][-]{section.5}{Using the system}{}% 18
\BOOKMARK [2][-]{subsection.5.1}{Disconnect}{section.5}% 19
\BOOKMARK [2][-]{subsection.5.2}{View Last Notification}{section.5}% 20
\BOOKMARK [2][-]{subsection.5.3}{Open gate / Close gate}{section.5}% 21
\BOOKMARK [2][-]{subsection.5.4}{Switch 1 On}{section.5}% 22
\BOOKMARK [1][-]{section.6}{Troubleshooting}{}% 23
