\BOOKMARK [1][-]{section.1}{Introduction}{}% 1
\BOOKMARK [1][-]{section.2}{Project Objectives}{}% 2
\BOOKMARK [1][-]{section.3}{Functional Requirements}{}% 3
\BOOKMARK [2][-]{subsection.3.1}{PersonService}{section.3}% 4
\BOOKMARK [3][-]{subsubsection.3.1.1}{Scope}{subsection.3.1}% 5
\BOOKMARK [3][-]{subsubsection.3.1.2}{Domain Model}{subsection.3.1}% 6
\BOOKMARK [3][-]{subsubsection.3.1.3}{Use Cases}{subsection.3.1}% 7
\BOOKMARK [2][-]{subsection.3.2}{CameraService}{section.3}% 8
\BOOKMARK [3][-]{subsubsection.3.2.1}{Scope}{subsection.3.2}% 9
\BOOKMARK [3][-]{subsubsection.3.2.2}{Domain Model}{subsection.3.2}% 10
\BOOKMARK [3][-]{subsubsection.3.2.3}{Use Cases}{subsection.3.2}% 11
\BOOKMARK [2][-]{subsection.3.3}{PinService}{section.3}% 12
\BOOKMARK [3][-]{subsubsection.3.3.1}{Scope}{subsection.3.3}% 13
\BOOKMARK [3][-]{subsubsection.3.3.2}{Domain Model}{subsection.3.3}% 14
\BOOKMARK [3][-]{subsubsection.3.3.3}{Use Cases}{subsection.3.3}% 15
\BOOKMARK [2][-]{subsection.3.4}{LockService}{section.3}% 16
\BOOKMARK [3][-]{subsubsection.3.4.1}{Scope}{subsection.3.4}% 17
\BOOKMARK [3][-]{subsubsection.3.4.2}{Domain Model}{subsection.3.4}% 18
\BOOKMARK [3][-]{subsubsection.3.4.3}{Use Cases}{subsection.3.4}% 19
\BOOKMARK [2][-]{subsection.3.5}{NotificationService}{section.3}% 20
\BOOKMARK [3][-]{subsubsection.3.5.1}{Scope}{subsection.3.5}% 21
\BOOKMARK [3][-]{subsubsection.3.5.2}{Domain Model}{subsection.3.5}% 22
\BOOKMARK [3][-]{subsubsection.3.5.3}{Use Cases}{subsection.3.5}% 23
\BOOKMARK [1][-]{section.4}{Architectural Requirements/Design Specification}{}% 24
\BOOKMARK [2][-]{subsection.4.1}{Software architecture overview}{section.4}% 25
\BOOKMARK [3][-]{subsubsection.4.1.1}{clientLayer}{subsection.4.1}% 26
\BOOKMARK [3][-]{subsubsection.4.1.2}{accessLayer}{subsection.4.1}% 27
\BOOKMARK [3][-]{subsubsection.4.1.3}{businessProcessesLayer}{subsection.4.1}% 28
\BOOKMARK [3][-]{subsubsection.4.1.4}{persistenceAccessLayer}{subsection.4.1}% 29
\BOOKMARK [3][-]{subsubsection.4.1.5}{persistenceLayer}{subsection.4.1}% 30
\BOOKMARK [2][-]{subsection.4.2}{Access Channel Requirements}{section.4}% 31
\BOOKMARK [2][-]{subsection.4.3}{Architectural Scope}{section.4}% 32
\BOOKMARK [2][-]{subsection.4.4}{Global Quality Requirements}{section.4}% 33
\BOOKMARK [3][-]{subsubsection.4.4.1}{Performance}{subsection.4.4}% 34
\BOOKMARK [3][-]{subsubsection.4.4.2}{Security}{subsection.4.4}% 35
\BOOKMARK [3][-]{subsubsection.4.4.3}{Reliability}{subsection.4.4}% 36
\BOOKMARK [3][-]{subsubsection.4.4.4}{Flexibility}{subsection.4.4}% 37
\BOOKMARK [3][-]{subsubsection.4.4.5}{Maintainability}{subsection.4.4}% 38
\BOOKMARK [3][-]{subsubsection.4.4.6}{Monitorability}{subsection.4.4}% 39
\BOOKMARK [3][-]{subsubsection.4.4.7}{Usability}{subsection.4.4}% 40
\BOOKMARK [3][-]{subsubsection.4.4.8}{Cost}{subsection.4.4}% 41
\BOOKMARK [3][-]{subsubsection.4.4.9}{Testability}{subsection.4.4}% 42
\BOOKMARK [2][-]{subsection.4.5}{Architectural Constraints}{section.4}% 43
\BOOKMARK [3][-]{subsubsection.4.5.1}{Use of Inexpensive Devices}{subsection.4.5}% 44
\BOOKMARK [3][-]{subsubsection.4.5.2}{Technology Stack}{subsection.4.5}% 45
\BOOKMARK [2][-]{subsection.4.6}{Architectural Design}{section.4}% 46
\BOOKMARK [3][-]{subsubsection.4.6.1}{Architectural Responsibilities}{subsection.4.6}% 47
\BOOKMARK [3][-]{subsubsection.4.6.2}{Infrastructure}{subsection.4.6}% 48
\BOOKMARK [2][-]{subsection.4.7}{Application Server}{section.4}% 49
\BOOKMARK [3][-]{subsubsection.4.7.1}{Quality Requirements}{subsection.4.7}% 50
\BOOKMARK [3][-]{subsubsection.4.7.2}{Tactics as provided by Java EE}{subsection.4.7}% 51
\BOOKMARK [2][-]{subsection.4.8}{Database}{section.4}% 52
\BOOKMARK [2][-]{subsection.4.9}{Persistence API}{section.4}% 53
\BOOKMARK [2][-]{subsection.4.10}{Web Services Framework}{section.4}% 54
\BOOKMARK [3][-]{subsubsection.4.10.1}{Architecture Design}{subsection.4.10}% 55
