\BOOKMARK [1][-]{section.1}{The Team}{}% 1
\BOOKMARK [2][-]{subsection.1.1}{Tshepo Malesela}{section.1}% 2
\BOOKMARK [3][-]{subsubsection.1.1.1}{Interests}{subsection.1.1}% 3
\BOOKMARK [3][-]{subsubsection.1.1.2}{Technical Skills}{subsection.1.1}% 4
\BOOKMARK [3][-]{subsubsection.1.1.3}{Past Experiences}{subsection.1.1}% 5
\BOOKMARK [3][-]{subsubsection.1.1.4}{Non-technical Strengths}{subsection.1.1}% 6
\BOOKMARK [3][-]{subsubsection.1.1.5}{My motivation for wanting to do this project}{subsection.1.1}% 7
\BOOKMARK [2][-]{subsection.1.2}{Lethabo Mogase}{section.1}% 8
\BOOKMARK [3][-]{subsubsection.1.2.1}{Interests}{subsection.1.2}% 9
\BOOKMARK [3][-]{subsubsection.1.2.2}{Technical Skills}{subsection.1.2}% 10
\BOOKMARK [3][-]{subsubsection.1.2.3}{Past Experiences}{subsection.1.2}% 11
\BOOKMARK [3][-]{subsubsection.1.2.4}{Non-technical Strengths}{subsection.1.2}% 12
\BOOKMARK [3][-]{subsubsection.1.2.5}{My motivation for wanting to do this project}{subsection.1.2}% 13
\BOOKMARK [2][-]{subsection.1.3}{Lorenzo Daniele Spazzoli}{section.1}% 14
\BOOKMARK [3][-]{subsubsection.1.3.1}{Interests}{subsection.1.3}% 15
\BOOKMARK [3][-]{subsubsection.1.3.2}{Technical Skills}{subsection.1.3}% 16
\BOOKMARK [3][-]{subsubsection.1.3.3}{Past Experiences}{subsection.1.3}% 17
\BOOKMARK [3][-]{subsubsection.1.3.4}{Non-technical Strengths}{subsection.1.3}% 18
\BOOKMARK [3][-]{subsubsection.1.3.5}{My motivation for wanting to do this project}{subsection.1.3}% 19
\BOOKMARK [2][-]{subsection.1.4}{Lorenzo Daniele Spazzoli}{section.1}% 20
\BOOKMARK [3][-]{subsubsection.1.4.1}{Interests}{subsection.1.4}% 21
\BOOKMARK [3][-]{subsubsection.1.4.2}{Technical Skills}{subsection.1.4}% 22
\BOOKMARK [3][-]{subsubsection.1.4.3}{Past Experiences}{subsection.1.4}% 23
\BOOKMARK [3][-]{subsubsection.1.4.4}{Non-technical Strengths}{subsection.1.4}% 24
\BOOKMARK [3][-]{subsubsection.1.4.5}{My motivation for wanting to do this project}{subsection.1.4}% 25
\BOOKMARK [2][-]{subsection.1.5}{Bilal Muhammad}{section.1}% 26
\BOOKMARK [3][-]{subsubsection.1.5.1}{Interests}{subsection.1.5}% 27
\BOOKMARK [3][-]{subsubsection.1.5.2}{Technical Skills}{subsection.1.5}% 28
\BOOKMARK [3][-]{subsubsection.1.5.3}{Past Experiences}{subsection.1.5}% 29
\BOOKMARK [3][-]{subsubsection.1.5.4}{Non-technical Strengths}{subsection.1.5}% 30
\BOOKMARK [3][-]{subsubsection.1.5.5}{My motivation for wanting to do this project}{subsection.1.5}% 31
\BOOKMARK [2][-]{subsection.1.6}{Dirk de Klerk}{section.1}% 32
\BOOKMARK [3][-]{subsubsection.1.6.1}{Interests}{subsection.1.6}% 33
\BOOKMARK [3][-]{subsubsection.1.6.2}{Technical Skills}{subsection.1.6}% 34
\BOOKMARK [3][-]{subsubsection.1.6.3}{Past Experiences}{subsection.1.6}% 35
\BOOKMARK [3][-]{subsubsection.1.6.4}{Non-technical Strengths}{subsection.1.6}% 36
\BOOKMARK [3][-]{subsubsection.1.6.5}{My motivation for wanting to do this project}{subsection.1.6}% 37
\BOOKMARK [1][-]{section.2}{Project Execution}{}% 38
\BOOKMARK [2][-]{subsection.2.1}{Development Methodology}{section.2}% 39
\BOOKMARK [2][-]{subsection.2.2}{Developer/Client Communication}{section.2}% 40
\BOOKMARK [2][-]{subsection.2.3}{Technical Challenges}{section.2}% 41
\BOOKMARK [2][-]{subsection.2.4}{Technology Stack}{section.2}% 42
\BOOKMARK [2][-]{subsection.2.5}{Deliverables}{section.2}% 43
\BOOKMARK [1][-]{section.3}{Conclusion}{}% 44
